#-----------------------------------------------------------
# Vivado v2018.2 (64-bit)
# SW Build 2258646 on Thu Jun 14 20:03:12 MDT 2018
# IP Build 2256618 on Thu Jun 14 22:10:49 MDT 2018
# Start of session at: Fri Nov 23 01:13:23 2018
# Process ID: 5616
# Current directory: C:/Users/bry_0/Desktop/computer
# Command line: vivado.exe -gui_launcher_event rodinguilauncherevent15044 C:\Users\bry_0\Desktop\computer\thinpad_top.xpr
# Log file: C:/Users/bry_0/Desktop/computer/vivado.log
# Journal file: C:/Users/bry_0/Desktop/computer\vivado.jou
#-----------------------------------------------------------
start_gui
open_project C:/Users/bry_0/Desktop/computer/thinpad_top.xpr
INFO: [Project 1-313] Project file moved from '/home/zhang/Projects/thinpad_top' since last save.
Scanning sources...
Finished scanning sources
WARNING: [Project 1-509] GeneratedRun file for 'pll_example_synth_1' not found
WARNING: [filemgmt 56-2] IPUserFilesDir: Could not find the directory 'C:/Users/bry_0/Desktop/computer/thinpad_top.ip_user_files', nor could it be found using path 'C:/home/zhang/Projects/thinpad_top/thinpad_top.ip_user_files'.
INFO: [IP_Flow 19-234] Refreshing IP repositories
INFO: [IP_Flow 19-1704] No user IP repositories specified
INFO: [IP_Flow 19-2313] Loaded Vivado IP repository 'C:/Xilinx/Vivado/2018.2/data/ip'.
WARNING: [IP_Flow 19-2162] IP 'pll_example' is locked:
* IP definition 'Clocking Wizard (6.0)' for IP 'pll_example' (customized with software release 2018.1) has a different revision in the IP Catalog.
Please select 'Report IP Status' from the 'Tools/Report' menu or run Tcl command 'report_ip_status' for more information.
INFO: [Project 1-230] Project 'thinpad_top.xpr' upgraded for this version of Vivado.
open_project: Time (s): cpu = 00:00:13 ; elapsed = 00:00:09 . Memory (MB): peak = 869.555 ; gain = 124.066
update_compile_order -fileset sources_1
update_compile_order -fileset sim_1
upgrade_ip -srcset pll_example -vlnv xilinx.com:ip:clk_wiz:6.0 [get_ips  pll_example] -log ip_upgrade.log
Upgrading 'pll_example'
INFO: [Project 1-386] Moving file 'C:/Users/bry_0/Desktop/computer/thinpad_top.srcs/sources_1/ip/pll_example/pll_example.xci' from fileset 'pll_example' to fileset 'sources_1'.
INFO: [IP_Flow 19-3422] Upgraded pll_example (Clocking Wizard 6.0) from revision 0 to revision 1
INFO: [IP_Flow 19-1686] Generating 'Instantiation Template' target for IP 'pll_example'...
INFO: [Coretcl 2-1525] Wrote upgrade log to 'C:/Users/bry_0/Desktop/computer/ip_upgrade.log'.
upgrade_ip: Time (s): cpu = 00:00:07 ; elapsed = 00:00:08 . Memory (MB): peak = 1003.379 ; gain = 119.137
export_ip_user_files -of_objects [get_ips pll_example] -no_script -sync -force -quiet
update_compile_order -fileset sources_1
export_ip_user_files -of_objects  [get_files C:/Users/bry_0/Desktop/computer/thinpad_top.srcs/sources_1/new/thinpad_top.v] -no_script -reset -force -quiet
export_ip_user_files -of_objects  [get_files C:/Users/bry_0/Desktop/computer/thinpad_top.srcs/sources_1/new/vga.v] -no_script -reset -force -quiet
export_ip_user_files -of_objects  [get_files C:/Users/bry_0/Desktop/computer/thinpad_top.srcs/sources_1/new/async.v] -no_script -reset -force -quiet
export_ip_user_files -of_objects  [get_files C:/Users/bry_0/Desktop/computer/thinpad_top.srcs/sources_1/new/SEG7_LUT.v] -no_script -reset -force -quiet
remove_files  {C:/Users/bry_0/Desktop/computer/thinpad_top.srcs/sources_1/new/thinpad_top.v C:/Users/bry_0/Desktop/computer/thinpad_top.srcs/sources_1/new/vga.v C:/Users/bry_0/Desktop/computer/thinpad_top.srcs/sources_1/new/async.v C:/Users/bry_0/Desktop/computer/thinpad_top.srcs/sources_1/new/SEG7_LUT.v}
file delete -force C:/Users/bry_0/Desktop/computer/thinpad_top.srcs/sources_1/new/thinpad_top.v C:/Users/bry_0/Desktop/computer/thinpad_top.srcs/sources_1/new/vga.v C:/Users/bry_0/Desktop/computer/thinpad_top.srcs/sources_1/new/async.v C:/Users/bry_0/Desktop/computer/thinpad_top.srcs/sources_1/new/SEG7_LUT.v
set_property source_mgmt_mode DisplayOnly [current_project]
close [ open C:/Users/bry_0/Desktop/computer/thinpad_top.srcs/sources_1/new/openmips_min_scopy.v w ]
add_files C:/Users/bry_0/Desktop/computer/thinpad_top.srcs/sources_1/new/openmips_min_scopy.v
close [ open C:/Users/bry_0/Desktop/computer/thinpad_top.srcs/sources_1/new/pc_reg.v w ]
add_files C:/Users/bry_0/Desktop/computer/thinpad_top.srcs/sources_1/new/pc_reg.v
close [ open C:/Users/bry_0/Desktop/computer/thinpad_top.srcs/sources_1/new/id.v w ]
add_files C:/Users/bry_0/Desktop/computer/thinpad_top.srcs/sources_1/new/id.v
close [ open C:/Users/bry_0/Desktop/computer/thinpad_top.srcs/sources_1/new/ex_mem.v w ]
add_files C:/Users/bry_0/Desktop/computer/thinpad_top.srcs/sources_1/new/ex_mem.v
close [ open C:/Users/bry_0/Desktop/computer/thinpad_top.srcs/sources_1/new/if_id.v w ]
add_files C:/Users/bry_0/Desktop/computer/thinpad_top.srcs/sources_1/new/if_id.v
close [ open C:/Users/bry_0/Desktop/computer/thinpad_top.srcs/sources_1/new/openmips.v w ]
add_files C:/Users/bry_0/Desktop/computer/thinpad_top.srcs/sources_1/new/openmips.v
close [ open C:/Users/bry_0/Desktop/computer/thinpad_top.srcs/sources_1/new/inst_rom.v w ]
add_files C:/Users/bry_0/Desktop/computer/thinpad_top.srcs/sources_1/new/inst_rom.v
close [ open C:/Users/bry_0/Desktop/computer/thinpad_top.srcs/sources_1/new/regfile.v w ]
add_files C:/Users/bry_0/Desktop/computer/thinpad_top.srcs/sources_1/new/regfile.v
close [ open C:/Users/bry_0/Desktop/computer/thinpad_top.srcs/sources_1/new/ex.v w ]
add_files C:/Users/bry_0/Desktop/computer/thinpad_top.srcs/sources_1/new/ex.v
close [ open C:/Users/bry_0/Desktop/computer/thinpad_top.srcs/sources_1/new/id_ex.v w ]
add_files C:/Users/bry_0/Desktop/computer/thinpad_top.srcs/sources_1/new/id_ex.v
close [ open C:/Users/bry_0/Desktop/computer/thinpad_top.srcs/sources_1/new/mem.v w ]
add_files C:/Users/bry_0/Desktop/computer/thinpad_top.srcs/sources_1/new/mem.v
close [ open C:/Users/bry_0/Desktop/computer/thinpad_top.srcs/sources_1/new/mem_wb.v w ]
add_files C:/Users/bry_0/Desktop/computer/thinpad_top.srcs/sources_1/new/mem_wb.v
close [ open C:/Users/bry_0/Desktop/computer/thinpad_top.srcs/sources_1/new/defines.vh w ]
add_files C:/Users/bry_0/Desktop/computer/thinpad_top.srcs/sources_1/new/defines.vh
launch_runs synth_1 -jobs 2
INFO: [IP_Flow 19-1686] Generating 'Synthesis' target for IP 'pll_example'...
INFO: [IP_Flow 19-1686] Generating 'Implementation' target for IP 'pll_example'...
[Fri Nov 23 01:59:13 2018] Launched pll_example_synth_1...
Run output will be captured here: C:/Users/bry_0/Desktop/computer/thinpad_top.runs/pll_example_synth_1/runme.log
[Fri Nov 23 01:59:13 2018] Launched synth_1...
Run output will be captured here: C:/Users/bry_0/Desktop/computer/thinpad_top.runs/synth_1/runme.log
reset_run synth_1
launch_runs synth_1 -jobs 2
[Fri Nov 23 02:01:06 2018] Launched synth_1...
Run output will be captured here: C:/Users/bry_0/Desktop/computer/thinpad_top.runs/synth_1/runme.log
reset_run synth_1
WARNING: [Vivado 12-1017] Problems encountered:
1. Failed to delete one or more files in run directory C:/Users/bry_0/Desktop/computer/thinpad_top.runs/synth_1

launch_runs synth_1 -jobs 2
[Fri Nov 23 02:02:55 2018] Launched synth_1...
Run output will be captured here: C:/Users/bry_0/Desktop/computer/thinpad_top.runs/synth_1/runme.log
generate_target all [get_files  C:/Users/bry_0/Desktop/computer/thinpad_top.srcs/sources_1/ip/pll_example/pll_example.xci]
INFO: [IP_Flow 19-1686] Generating 'Simulation' target for IP 'pll_example'...
INFO: [IP_Flow 19-1686] Generating 'Change Log' target for IP 'pll_example'...
export_ip_user_files -of_objects [get_files C:/Users/bry_0/Desktop/computer/thinpad_top.srcs/sources_1/ip/pll_example/pll_example.xci] -no_script -sync -force -quiet
reset_run pll_example_synth_1
launch_runs -jobs 2 pll_example_synth_1
INFO: [Vivado 12-4149] The synthesis checkpoint for IP 'C:/Users/bry_0/Desktop/computer/thinpad_top.srcs/sources_1/ip/pll_example/pll_example.xci' is already up-to-date
[Fri Nov 23 02:11:15 2018] Launched pll_example_synth_1...
Run output will be captured here: C:/Users/bry_0/Desktop/computer/thinpad_top.runs/pll_example_synth_1/runme.log
export_simulation -of_objects [get_files C:/Users/bry_0/Desktop/computer/thinpad_top.srcs/sources_1/ip/pll_example/pll_example.xci] -directory C:/Users/bry_0/Desktop/computer/thinpad_top.ip_user_files/sim_scripts -ip_user_files_dir C:/Users/bry_0/Desktop/computer/thinpad_top.ip_user_files -ipstatic_source_dir C:/Users/bry_0/Desktop/computer/thinpad_top.ip_user_files/ipstatic -lib_map_path [list {modelsim=C:/Users/bry_0/Desktop/computer/thinpad_top.cache/compile_simlib/modelsim} {questa=C:/Users/bry_0/Desktop/computer/thinpad_top.cache/compile_simlib/questa} {riviera=C:/Users/bry_0/Desktop/computer/thinpad_top.cache/compile_simlib/riviera} {activehdl=C:/Users/bry_0/Desktop/computer/thinpad_top.cache/compile_simlib/activehdl}] -use_ip_compiled_libs -force -quiet
reset_run synth_1
WARNING: [Vivado 12-1017] Problems encountered:
1. Failed to delete one or more files in run directory C:/Users/bry_0/Desktop/computer/thinpad_top.runs/synth_1

launch_runs impl_1 -jobs 2
[Fri Nov 23 02:17:49 2018] Launched synth_1...
Run output will be captured here: C:/Users/bry_0/Desktop/computer/thinpad_top.runs/synth_1/runme.log
[Fri Nov 23 02:17:49 2018] Launched impl_1...
Run output will be captured here: C:/Users/bry_0/Desktop/computer/thinpad_top.runs/impl_1/runme.log
close [ open C:/Users/bry_0/Desktop/computer/thinpad_top.srcs/sources_1/new/thinpad_top.v w ]
add_files C:/Users/bry_0/Desktop/computer/thinpad_top.srcs/sources_1/new/thinpad_top.v
close [ open C:/Users/bry_0/Desktop/computer/thinpad_top.srcs/sources_1/new/async.v w ]
add_files C:/Users/bry_0/Desktop/computer/thinpad_top.srcs/sources_1/new/async.v
close [ open C:/Users/bry_0/Desktop/computer/thinpad_top.srcs/sources_1/new/SEG7_LUT.v w ]
add_files C:/Users/bry_0/Desktop/computer/thinpad_top.srcs/sources_1/new/SEG7_LUT.v
close [ open C:/Users/bry_0/Desktop/computer/thinpad_top.srcs/sources_1/new/vga.v w ]
add_files C:/Users/bry_0/Desktop/computer/thinpad_top.srcs/sources_1/new/vga.v
reset_run synth_1
WARNING: [Vivado 12-1017] Problems encountered:
1. Failed to delete one or more files in run directory C:/Users/bry_0/Desktop/computer/thinpad_top.runs/synth_1

launch_runs synth_1 -jobs 2
[Fri Nov 23 02:26:34 2018] Launched synth_1...
Run output will be captured here: C:/Users/bry_0/Desktop/computer/thinpad_top.runs/synth_1/runme.log
launch_runs impl_1 -jobs 2
[Fri Nov 23 02:29:03 2018] Launched impl_1...
Run output will be captured here: C:/Users/bry_0/Desktop/computer/thinpad_top.runs/impl_1/runme.log
exit
INFO: [Common 17-206] Exiting Vivado at Fri Nov 23 10:03:52 2018...
